2023-09-30 10:55:00.667  INFO 32962 --- [main] o.s.c.c.c.ConfigServerConfigDataLoader   : Fetching config from server at : http://newkayak.iptime.org:8888
2023-09-30 10:55:00.668  INFO 32962 --- [main] o.s.c.c.c.ConfigServerConfigDataLoader   : Located environment: name=base, profiles=[local], label=null, version=null, state=null
2023-09-30 10:55:00.668  WARN 32962 --- [main] o.s.b.c.config.ConfigDataEnvironment     : Property 'spring.profiles' imported from location '[ConfigServerConfigDataResource@1654a892 uris = array<String>['http://newkayak.iptime.org:8888'], optional = false, profiles = list['local']]' is invalid and should be replaced with 'spring.config.activate.on-profile' [origin: Config Server file:/home/config/base-local.yml:27:13]
2023-09-30 10:55:00.899  INFO 32962 --- [main] c.c.c.ConfigServicePropertySourceLocator : Fetching config from server at : http://newkayak.iptime.org:8888
2023-09-30 10:55:00.975  INFO 32962 --- [main] c.c.c.ConfigServicePropertySourceLocator : Located environment: name=basee, profiles=[default], label=null, version=null, state=null
2023-09-30 10:55:00.976  INFO 32962 --- [main] b.c.PropertySourceBootstrapConfiguration : Located property source: [BootstrapPropertySource {name='bootstrapProperties-configClient'}]
2023-09-30 10:55:00.984  INFO 32962 --- [main] com.server.base.BaseServiceApplication   : The following 1 profile is active: "local"
2023-09-30 10:55:00.990  INFO 32962 --- [main] o.s.c.c.c.ConfigServerConfigDataLoader   : Fetching config from server at : http://newkayak.iptime.org:8888
2023-09-30 10:55:00.990  INFO 32962 --- [main] o.s.c.c.c.ConfigServerConfigDataLoader   : Located environment: name=basee, profiles=[local], label=null, version=null, state=null
2023-09-30 10:55:00.990  WARN 32962 --- [main] o.s.b.c.config.ConfigDataEnvironment     : Property 'spring.profiles' is invalid and should be replaced with 'spring.config.activate.on-profile' [origin: Config Server file:/home/config/base-local.yml:27:13]
2023-09-30 10:55:01.418  INFO 32962 --- [main] .s.d.r.c.RepositoryConfigurationDelegate : Bootstrapping Spring Data JPA repositories in DEFAULT mode.
2023-09-30 10:55:01.445  INFO 32962 --- [main] .s.d.r.c.RepositoryConfigurationDelegate : Finished Spring Data repository scanning in 23 ms. Found 1 JPA repository interfaces.
2023-09-30 10:55:01.545  INFO 32962 --- [main] o.s.cloud.context.scope.GenericScope     : BeanFactory id=ea56a02a-e25f-38d1-bf55-8f2d413d9a62
2023-09-30 10:55:01.741  INFO 32962 --- [main] o.s.b.w.embedded.tomcat.TomcatWebServer  : Tomcat initialized with port(s): 10000 (http)
2023-09-30 10:55:01.745  INFO 32962 --- [main] o.apache.catalina.core.StandardService   : Starting service [Tomcat]
2023-09-30 10:55:01.745  INFO 32962 --- [main] org.apache.catalina.core.StandardEngine  : Starting Servlet engine: [Apache Tomcat/9.0.74]
2023-09-30 10:55:01.808  INFO 32962 --- [main] o.a.c.c.C.[Tomcat].[localhost].[/]       : Initializing Spring embedded WebApplicationContext
2023-09-30 10:55:01.808  INFO 32962 --- [main] w.s.c.ServletWebServerApplicationContext : Root WebApplicationContext: initialization completed in 818 ms
2023-09-30 10:55:01.939  INFO 32962 --- [main] o.hibernate.jpa.internal.util.LogHelper  : HHH000204: Processing PersistenceUnitInfo [name: default]
2023-09-30 10:55:01.964  INFO 32962 --- [main] org.hibernate.Version                    : HHH000412: Hibernate ORM core version 5.6.15.Final
2023-09-30 10:55:02.041  INFO 32962 --- [main] o.hibernate.annotations.common.Version   : HCANN000001: Hibernate Commons Annotations {5.1.2.Final}
2023-09-30 10:55:02.089  INFO 32962 --- [main] com.zaxxer.hikari.HikariDataSource       : HikariPool-1 - Starting...
2023-09-30 10:55:02.415  INFO 32962 --- [main] com.zaxxer.hikari.HikariDataSource       : HikariPool-1 - Start completed.
2023-09-30 10:55:02.430  INFO 32962 --- [main] org.hibernate.dialect.Dialect            : HHH000400: Using dialect: org.hibernate.dialect.MariaDB103Dialect
2023-09-30 10:55:03.381  INFO 32962 --- [main] o.h.e.t.j.p.i.JtaPlatformInitiator       : HHH000490: Using JtaPlatform implementation: [org.hibernate.engine.transaction.jta.platform.internal.NoJtaPlatform]
2023-09-30 10:55:03.396  INFO 32962 --- [main] j.LocalContainerEntityManagerFactoryBean : Initialized JPA EntityManagerFactory for persistence unit 'default'
2023-09-30 10:55:03.807  WARN 32962 --- [main] ion$DefaultTemplateResolverConfiguration : Cannot find template location: classpath:/templates/ (please add some templates, check your Thymeleaf configuration, or set spring.thymeleaf.check-template-location=false)
2023-09-30 10:55:03.962  WARN 32962 --- [main] .s.s.UserDetailsServiceAutoConfiguration : 

Using generated security password: bf9fbb38-7283-4f05-a2e8-f43e67a0c437

This generated password is for development use only. Your security configuration must be updated before running your application in production.

2023-09-30 10:55:04.015  INFO 32962 --- [main] o.s.b.a.e.web.EndpointLinksResolver      : Exposing 16 endpoint(s) beneath base path '/actuator'
2023-09-30 10:55:04.027  INFO 32962 --- [main] o.s.s.web.DefaultSecurityFilterChain     : Will secure any request with [org.springframework.security.web.session.DisableEncodeUrlFilter@7680beac, org.springframework.security.web.context.request.async.WebAsyncManagerIntegrationFilter@7053a864, org.springframework.security.web.context.SecurityContextPersistenceFilter@d79a69b, org.springframework.security.web.header.HeaderWriterFilter@31887330, org.springframework.web.filter.CorsFilter@282079b9, org.springframework.security.web.csrf.CsrfFilter@5ae6119b, org.springframework.security.web.authentication.logout.LogoutFilter@3ad80206, org.springframework.security.web.authentication.UsernamePasswordAuthenticationFilter@7a79a5d6, org.springframework.security.web.authentication.ui.DefaultLoginPageGeneratingFilter@4250b0c1, org.springframework.security.web.authentication.ui.DefaultLogoutPageGeneratingFilter@3d6c7152, org.springframework.security.web.authentication.www.BasicAuthenticationFilter@5fc42998, org.springframework.security.web.savedrequest.RequestCacheAwareFilter@62682ece, org.springframework.security.web.servletapi.SecurityContextHolderAwareRequestFilter@3c83e9ca, org.springframework.security.web.authentication.AnonymousAuthenticationFilter@4e6add8d, org.springframework.security.web.session.SessionManagementFilter@7bb4f09d, org.springframework.security.web.access.ExceptionTranslationFilter@209f0986, org.springframework.security.web.access.intercept.FilterSecurityInterceptor@f461c9c]
2023-09-30 10:55:04.118  INFO 32962 --- [main] o.s.b.w.embedded.tomcat.TomcatWebServer  : Tomcat started on port(s): 10000 (http) with context path ''
2023-09-30 10:55:04.133  INFO 32962 --- [main] com.server.base.BaseServiceApplication   : Started BaseServiceApplication in 4.357 seconds (JVM running for 4.879)
2023-09-30 10:55:04.184  WARN 32962 --- [main] com.server.base.components.WakeUp        : 
  _   _                                        _          
 | | | |___  ___ _ __      ___  ___ _ ____   _(_) ___ ___ 
 | | | / __|/ _ \ '__|____/ __|/ _ \ '__\ \ / / |/ __/ _ \
 | |_| \__ \  __/ | |_____\__ \  __/ |   \ V /| | (_|  __/
  \___/|___/\___|_|       |___/\___|_|    \_/ |_|\___\___| is ready
2023-09-30 10:55:04.626  INFO 32962 --- [RMI TCP Connection(1)-127.0.0.1] o.a.c.c.C.[Tomcat].[localhost].[/]       : Initializing Spring DispatcherServlet 'dispatcherServlet'
2023-09-30 10:55:04.626  INFO 32962 --- [RMI TCP Connection(1)-127.0.0.1] o.s.web.servlet.DispatcherServlet        : Initializing Servlet 'dispatcherServlet'
2023-09-30 10:55:04.628  INFO 32962 --- [RMI TCP Connection(1)-127.0.0.1] o.s.web.servlet.DispatcherServlet        : Completed initialization in 1 ms
